<?xml version="1.0" encoding="UTF-8"?>
<testsuite name="Ex07-Test" tests="1" skipped="0" failures="0" errors="0" timestamp="2022-07-25T23:34:28" hostname="VILASPC" time="0.075">
  <properties/>
  <testcase name="Teste Portaria" classname="Ex07-Test" time="0.075"/>
  <system-out><![CDATA[]]></system-out>
  <system-err><![CDATA[]]></system-err>
</testsuite>
